2018-01-20 01:31:24,657 p=5919 u=kmarquis |  PLAY [Install Junos OS] *************************************************************************************************************************************************************
2018-01-20 01:31:24,733 p=5919 u=kmarquis |  TASK [Checking NETCONF connectivity] ************************************************************************************************************************************************
2018-01-20 01:31:26,322 p=5919 u=kmarquis |  ok: [192.168.1.151]
2018-01-20 01:31:26,335 p=5919 u=kmarquis |  TASK [Junos Version Before Upgrade] *************************************************************************************************************************************************
2018-01-20 01:31:29,582 p=5943 u=kmarquis |  creating new control socket for host 192.168.1.151:22 as user kmarquis
2018-01-20 01:31:29,584 p=5943 u=kmarquis |  control socket path is /Users/kmarquis/.ansible/pc/539b9ce047
2018-01-20 01:31:29,584 p=5943 u=kmarquis |  current working directory is /Users/kmarquis/Desktop/projects/playbooks/Juniper/Software_Upgrade
2018-01-20 01:31:29,585 p=5943 u=kmarquis |  using connection plugin network_cli
2018-01-20 01:31:30,087 paramiko.transport starting thread (client mode): 0x43f3310L
2018-01-20 01:31:30,088 paramiko.transport Local version/idstring: SSH-2.0-paramiko_2.4.0
2018-01-20 01:31:30,287 paramiko.transport Remote version/idstring: SSH-2.0-OpenSSH_6.6
2018-01-20 01:31:30,288 paramiko.transport Connected (version 2.0, client OpenSSH_6.6)
2018-01-20 01:31:30,328 paramiko.transport kex algos:[u'curve25519-sha256@libssh.org', u'ecdh-sha2-nistp256', u'ecdh-sha2-nistp384', u'ecdh-sha2-nistp521', u'diffie-hellman-group-exchange-sha256', u'diffie-hellman-group-exchange-sha1', u'diffie-hellman-group14-sha1', u'diffie-hellman-group1-sha1'] server key:[u'ssh-rsa', u'ssh-dss', u'ecdsa-sha2-nistp256', u'ssh-ed25519'] client encrypt:[u'aes128-ctr', u'aes192-ctr', u'aes256-ctr', u'arcfour256', u'arcfour128', u'chacha20-poly1305@openssh.com', u'aes128-cbc', u'3des-cbc', u'blowfish-cbc', u'cast128-cbc', u'aes192-cbc', u'aes256-cbc', u'arcfour', u'rijndael-cbc@lysator.liu.se'] server encrypt:[u'aes128-ctr', u'aes192-ctr', u'aes256-ctr', u'arcfour256', u'arcfour128', u'chacha20-poly1305@openssh.com', u'aes128-cbc', u'3des-cbc', u'blowfish-cbc', u'cast128-cbc', u'aes192-cbc', u'aes256-cbc', u'arcfour', u'rijndael-cbc@lysator.liu.se'] client mac:[u'hmac-md5-etm@openssh.com', u'hmac-sha1-etm@openssh.com', u'umac-64-etm@openssh.com', u'umac-128-etm@openssh.com', u'hmac-sha2-256-etm@openssh.com', u'hmac-sha2-512-etm@openssh.com', u'hmac-ripemd160-etm@openssh.com', u'hmac-sha1-96-etm@openssh.com', u'hmac-md5-96-etm@openssh.com', u'hmac-md5', u'hmac-sha1', u'umac-64@openssh.com', u'umac-128@openssh.com', u'hmac-sha2-256', u'hmac-sha2-512', u'hmac-ripemd160', u'hmac-ripemd160@openssh.com', u'hmac-sha1-96', u'hmac-md5-96'] server mac:[u'hmac-md5-etm@openssh.com', u'hmac-sha1-etm@openssh.com', u'umac-64-etm@openssh.com', u'umac-128-etm@openssh.com', u'hmac-sha2-256-etm@openssh.com', u'hmac-sha2-512-etm@openssh.com', u'hmac-ripemd160-etm@openssh.com', u'hmac-sha1-96-etm@openssh.com', u'hmac-md5-96-etm@openssh.com', u'hmac-md5', u'hmac-sha1', u'umac-64@openssh.com', u'umac-128@openssh.com', u'hmac-sha2-256', u'hmac-sha2-512', u'hmac-ripemd160', u'hmac-ripemd160@openssh.com', u'hmac-sha1-96', u'hmac-md5-96'] client compress:[u'none', u'zlib@openssh.com'] server compress:[u'none', u'zlib@openssh.com'] client lang:[u''] server lang:[u''] kex follows?False
2018-01-20 01:31:30,328 paramiko.transport Kex agreed: ecdh-sha2-nistp256
2018-01-20 01:31:30,329 paramiko.transport HostKey agreed: ssh-ed25519
2018-01-20 01:31:30,329 paramiko.transport Cipher agreed: aes128-ctr
2018-01-20 01:31:30,330 paramiko.transport MAC agreed: hmac-sha2-256
2018-01-20 01:31:30,330 paramiko.transport Compression agreed: none
2018-01-20 01:31:30,466 paramiko.transport kex engine KexNistp256 specified hash_algo <built-in function openssl_sha256>
2018-01-20 01:31:30,471 paramiko.transport Switch to new keys ...
2018-01-20 01:31:30,511 paramiko.transport Trying discovered key c3bf323b0c1df82c158d07596bb53020 in /Users/kmarquis/.ssh/id_rsa
2018-01-20 01:31:30,573 paramiko.transport userauth is OK
2018-01-20 01:31:30,663 paramiko.transport Authentication (publickey) successful!
2018-01-20 01:31:30,678 p=5943 u=kmarquis |  ssh connection done, setting terminal
2018-01-20 01:31:30,679 paramiko.transport [chan 0] Max packet in: 32768 bytes
2018-01-20 01:31:30,685 paramiko.transport [chan 0] Max packet out: 32768 bytes
2018-01-20 01:31:30,686 paramiko.transport Secsh channel 0 opened.
2018-01-20 01:31:30,699 paramiko.transport [chan 0] Sesch channel 0 request ok
2018-01-20 01:31:30,720 paramiko.transport [chan 0] Sesch channel 0 request ok
2018-01-20 01:31:30,783 p=5943 u=kmarquis |  loaded terminal plugin for network_os junos
2018-01-20 01:31:30,858 p=5943 u=kmarquis |  loaded cliconf plugin for network_os junos
2018-01-20 01:31:31,744 p=5943 u=kmarquis |  firing event: on_open_shell()
2018-01-20 01:31:32,170 p=5943 u=kmarquis |  ssh connection has completed successfully
2018-01-20 01:31:32,204 p=5943 u=kmarquis |  connection established to 192.168.1.151 in 0:00:02.585964
2018-01-20 01:31:32,207 p=5943 u=kmarquis |  local socket is set to listening
2018-01-20 01:31:32,586 p=5943 u=kmarquis |  incoming request accepted on persistent socket
2018-01-20 01:31:32,587 p=5943 u=kmarquis |  socket operation is CONTEXT
2018-01-20 01:31:32,588 p=5943 u=kmarquis |  updating play_context for connection
2018-01-20 01:31:32,589 p=5943 u=kmarquis |  socket operation completed with rc 0
2018-01-20 01:31:32,589 p=5943 u=kmarquis |  socket operation is RUN
2018-01-20 01:31:32,590 p=5943 u=kmarquis |  socket operation completed with rc 0
2018-01-20 01:31:36,605 p=5950 u=kmarquis |  re-using existing socket for kmarquis@192.168.1.151:22
2018-01-20 01:31:36,605 p=5943 u=kmarquis |  incoming request accepted on persistent socket
2018-01-20 01:31:36,606 p=5943 u=kmarquis |  socket operation is CONTEXT
2018-01-20 01:31:36,607 p=5943 u=kmarquis |  updating play_context for connection
2018-01-20 01:31:36,607 p=5943 u=kmarquis |  socket operation completed with rc 0
2018-01-20 01:31:36,608 p=5943 u=kmarquis |  socket operation is EXEC
2018-01-20 01:31:36,608 p=5943 u=kmarquis |  socket operation completed with rc 0
2018-01-20 01:31:38,807 p=5943 u=kmarquis |  incoming request accepted on persistent socket
2018-01-20 01:31:38,808 p=5943 u=kmarquis |  socket operation is EXEC
2018-01-20 01:31:38,808 p=5943 u=kmarquis |  command: show version
2018-01-20 01:31:38,863 p=5943 u=kmarquis |  socket operation completed with rc 0
2018-01-20 01:31:38,947 p=5919 u=kmarquis |   [WARNING]: arguments wait_for, match, rpcs are not supported when using transport=cli

2018-01-20 01:31:38,948 p=5919 u=kmarquis |  ok: [192.168.1.151]
2018-01-20 01:31:38,972 p=5919 u=kmarquis |  TASK [debug] ************************************************************************************************************************************************************************
2018-01-20 01:31:39,066 p=5919 u=kmarquis |  ok: [192.168.1.151] => {
    "version.stdout_lines": [
        [
            "Model: srx110h-va", 
            "JUNOS Software Release [12.1X46-D67]"
        ]
    ]
}
2018-01-20 01:31:39,085 p=5919 u=kmarquis |  TASK [Install Junos OS package] *****************************************************************************************************************************************************
2018-01-20 01:31:41,374 p=5919 u=kmarquis |  fatal: [192.168.1.151]: FAILED! => {"changed": false, "msg": "junos-eznc is required but does not appear to be installed. It can be installed using `pip  install junos-eznc`"}
2018-01-20 01:31:41,380 p=5919 u=kmarquis |  	to retry, use: --limit @/Users/kmarquis/Desktop/projects/playbooks/Juniper/Software_Upgrade/junos_upgrade_playbook.retry

2018-01-20 01:31:41,380 p=5919 u=kmarquis |  PLAY RECAP **************************************************************************************************************************************************************************
2018-01-20 01:31:41,381 p=5919 u=kmarquis |  192.168.1.151              : ok=3    changed=0    unreachable=0    failed=1   
2018-01-20 01:32:08,865 p=5943 u=kmarquis |  persistent connection idle timeout triggered, timeout value is 30 secs
2018-01-20 01:32:08,866 p=5943 u=kmarquis |  shutdown persistent connection requested
2018-01-20 01:32:08,866 p=5943 u=kmarquis |  closing local listener
2018-01-20 01:32:08,866 p=5943 u=kmarquis |  closing the connection
2018-01-20 01:32:08,867 p=5943 u=kmarquis |  closing ssh connection to device
2018-01-20 01:32:08,867 p=5943 u=kmarquis |  firing event: on_close_shell()
2018-01-20 01:32:08,867 paramiko.transport [chan 0] EOF sent (0)
2018-01-20 01:32:08,868 p=5943 u=kmarquis |  cli session is now closed
2018-01-20 01:32:08,915 paramiko.transport EOF in transport thread
2018-01-20 01:32:08,937 p=5943 u=kmarquis |  ssh connection has been closed successfully
2018-01-20 01:32:08,937 p=5943 u=kmarquis |  removing the local control socket
2018-01-20 01:32:08,940 p=5943 u=kmarquis |  shutdown complete
2018-01-20 01:32:08,941 p=5943 u=kmarquis |  shutdown persistent connection requested
2018-01-20 01:32:08,942 p=5943 u=kmarquis |  persistent connection is not active
2018-01-20 01:32:08,943 p=5943 u=kmarquis |  shutdown local socket, connection was active for 0:00:39.357827 secs
2018-01-20 10:28:29,913 p=6123 u=kmarquis |  Using /Users/kmarquis/Desktop/projects/playbooks/Juniper/Software_Upgrade/ansible.cfg as config file
2018-01-20 10:28:33,667 p=6123 u=kmarquis |  PLAY [Install Junos OS] ***********************************************************************************************************************************************************
2018-01-20 10:28:33,808 p=6123 u=kmarquis |  TASK [Checking NETCONF connectivity] **********************************************************************************************************************************************
2018-01-20 10:28:36,449 p=6123 u=kmarquis |  ok: [192.168.1.151] => {"changed": false, "elapsed": 0, "path": null, "port": 830, "search_regex": null, "state": "started"}
2018-01-20 10:28:36,454 p=6123 u=kmarquis |  TASK [Junos Version Before Upgrade] ***********************************************************************************************************************************************
2018-01-20 10:28:40,992 p=6147 u=kmarquis |  creating new control socket for host 192.168.1.151:22 as user kmarquis
2018-01-20 10:28:40,993 p=6147 u=kmarquis |  control socket path is /Users/kmarquis/.ansible/pc/539b9ce047
2018-01-20 10:28:40,993 p=6147 u=kmarquis |  current working directory is /Users/kmarquis/Desktop/projects/playbooks/Juniper/Software_Upgrade
2018-01-20 10:28:40,994 p=6147 u=kmarquis |  using connection plugin network_cli
2018-01-20 10:28:41,536 paramiko.transport starting thread (client mode): 0x44f4350L
2018-01-20 10:28:41,536 paramiko.transport Local version/idstring: SSH-2.0-paramiko_2.4.0
2018-01-20 10:28:41,740 paramiko.transport Remote version/idstring: SSH-2.0-OpenSSH_6.6
2018-01-20 10:28:41,741 paramiko.transport Connected (version 2.0, client OpenSSH_6.6)
2018-01-20 10:28:41,761 paramiko.transport kex algos:[u'curve25519-sha256@libssh.org', u'ecdh-sha2-nistp256', u'ecdh-sha2-nistp384', u'ecdh-sha2-nistp521', u'diffie-hellman-group-exchange-sha256', u'diffie-hellman-group-exchange-sha1', u'diffie-hellman-group14-sha1', u'diffie-hellman-group1-sha1'] server key:[u'ssh-rsa', u'ssh-dss', u'ecdsa-sha2-nistp256', u'ssh-ed25519'] client encrypt:[u'aes128-ctr', u'aes192-ctr', u'aes256-ctr', u'arcfour256', u'arcfour128', u'chacha20-poly1305@openssh.com', u'aes128-cbc', u'3des-cbc', u'blowfish-cbc', u'cast128-cbc', u'aes192-cbc', u'aes256-cbc', u'arcfour', u'rijndael-cbc@lysator.liu.se'] server encrypt:[u'aes128-ctr', u'aes192-ctr', u'aes256-ctr', u'arcfour256', u'arcfour128', u'chacha20-poly1305@openssh.com', u'aes128-cbc', u'3des-cbc', u'blowfish-cbc', u'cast128-cbc', u'aes192-cbc', u'aes256-cbc', u'arcfour', u'rijndael-cbc@lysator.liu.se'] client mac:[u'hmac-md5-etm@openssh.com', u'hmac-sha1-etm@openssh.com', u'umac-64-etm@openssh.com', u'umac-128-etm@openssh.com', u'hmac-sha2-256-etm@openssh.com', u'hmac-sha2-512-etm@openssh.com', u'hmac-ripemd160-etm@openssh.com', u'hmac-sha1-96-etm@openssh.com', u'hmac-md5-96-etm@openssh.com', u'hmac-md5', u'hmac-sha1', u'umac-64@openssh.com', u'umac-128@openssh.com', u'hmac-sha2-256', u'hmac-sha2-512', u'hmac-ripemd160', u'hmac-ripemd160@openssh.com', u'hmac-sha1-96', u'hmac-md5-96'] server mac:[u'hmac-md5-etm@openssh.com', u'hmac-sha1-etm@openssh.com', u'umac-64-etm@openssh.com', u'umac-128-etm@openssh.com', u'hmac-sha2-256-etm@openssh.com', u'hmac-sha2-512-etm@openssh.com', u'hmac-ripemd160-etm@openssh.com', u'hmac-sha1-96-etm@openssh.com', u'hmac-md5-96-etm@openssh.com', u'hmac-md5', u'hmac-sha1', u'umac-64@openssh.com', u'umac-128@openssh.com', u'hmac-sha2-256', u'hmac-sha2-512', u'hmac-ripemd160', u'hmac-ripemd160@openssh.com', u'hmac-sha1-96', u'hmac-md5-96'] client compress:[u'none', u'zlib@openssh.com'] server compress:[u'none', u'zlib@openssh.com'] client lang:[u''] server lang:[u''] kex follows?False
2018-01-20 10:28:41,762 paramiko.transport Kex agreed: ecdh-sha2-nistp256
2018-01-20 10:28:41,762 paramiko.transport HostKey agreed: ssh-ed25519
2018-01-20 10:28:41,762 paramiko.transport Cipher agreed: aes128-ctr
2018-01-20 10:28:41,762 paramiko.transport MAC agreed: hmac-sha2-256
2018-01-20 10:28:41,762 paramiko.transport Compression agreed: none
2018-01-20 10:28:41,920 paramiko.transport kex engine KexNistp256 specified hash_algo <built-in function openssl_sha256>
2018-01-20 10:28:41,934 paramiko.transport Switch to new keys ...
2018-01-20 10:28:42,140 paramiko.transport Trying discovered key c3bf323b0c1df82c158d07596bb53020 in /Users/kmarquis/.ssh/id_rsa
2018-01-20 10:28:42,145 paramiko.transport userauth is OK
2018-01-20 10:28:42,217 paramiko.transport Authentication (publickey) successful!
2018-01-20 10:28:42,241 p=6147 u=kmarquis |  ssh connection done, setting terminal
2018-01-20 10:28:42,242 paramiko.transport [chan 0] Max packet in: 32768 bytes
2018-01-20 10:28:42,247 paramiko.transport [chan 0] Max packet out: 32768 bytes
2018-01-20 10:28:42,248 paramiko.transport Secsh channel 0 opened.
2018-01-20 10:28:42,262 paramiko.transport [chan 0] Sesch channel 0 request ok
2018-01-20 10:28:42,280 paramiko.transport [chan 0] Sesch channel 0 request ok
2018-01-20 10:28:42,317 p=6147 u=kmarquis |  loaded terminal plugin for network_os junos
2018-01-20 10:28:42,394 p=6147 u=kmarquis |  loaded cliconf plugin for network_os junos
2018-01-20 10:28:43,283 p=6147 u=kmarquis |  firing event: on_open_shell()
2018-01-20 10:28:43,671 p=6147 u=kmarquis |  ssh connection has completed successfully
2018-01-20 10:28:43,685 p=6147 u=kmarquis |  connection established to 192.168.1.151 in 0:00:02.677247
2018-01-20 10:28:43,685 p=6147 u=kmarquis |  local socket is set to listening
2018-01-20 10:28:44,000 p=6147 u=kmarquis |  incoming request accepted on persistent socket
2018-01-20 10:28:44,000 p=6147 u=kmarquis |  socket operation is CONTEXT
2018-01-20 10:28:44,001 p=6147 u=kmarquis |  updating play_context for connection
2018-01-20 10:28:44,001 p=6147 u=kmarquis |  socket operation completed with rc 0
2018-01-20 10:28:44,001 p=6147 u=kmarquis |  socket operation is RUN
2018-01-20 10:28:44,001 p=6147 u=kmarquis |  socket operation completed with rc 0
2018-01-20 10:28:45,772 p=6154 u=kmarquis |  re-using existing socket for kmarquis@192.168.1.151:22
2018-01-20 10:28:45,785 p=6147 u=kmarquis |  incoming request accepted on persistent socket
2018-01-20 10:28:45,785 p=6147 u=kmarquis |  socket operation is CONTEXT
2018-01-20 10:28:45,785 p=6147 u=kmarquis |  updating play_context for connection
2018-01-20 10:28:45,786 p=6147 u=kmarquis |  socket operation completed with rc 0
2018-01-20 10:28:45,786 p=6147 u=kmarquis |  socket operation is EXEC
2018-01-20 10:28:45,786 p=6147 u=kmarquis |  socket operation completed with rc 0
2018-01-20 10:28:49,144 p=6147 u=kmarquis |  incoming request accepted on persistent socket
2018-01-20 10:28:49,145 p=6147 u=kmarquis |  socket operation is EXEC
2018-01-20 10:28:49,145 p=6147 u=kmarquis |  command: show version
2018-01-20 10:28:49,208 p=6147 u=kmarquis |  socket operation completed with rc 0
2018-01-20 10:28:49,292 p=6123 u=kmarquis |   [WARNING]: arguments wait_for, match, rpcs are not supported when using transport=cli

2018-01-20 10:28:49,293 p=6123 u=kmarquis |  ok: [192.168.1.151] => {"changed": false, "stdout": ["Model: srx110h-va\nJUNOS Software Release [12.1X46-D67]"], "stdout_lines": [["Model: srx110h-va", "JUNOS Software Release [12.1X46-D67]"]]}
2018-01-20 10:28:49,323 p=6123 u=kmarquis |  TASK [debug] **********************************************************************************************************************************************************************
2018-01-20 10:28:49,420 p=6123 u=kmarquis |  ok: [192.168.1.151] => {
    "version.stdout_lines": [
        [
            "Model: srx110h-va", 
            "JUNOS Software Release [12.1X46-D67]"
        ]
    ]
}
2018-01-20 10:28:49,424 p=6123 u=kmarquis |  TASK [Install Junos OS package] ***************************************************************************************************************************************************
2018-01-20 10:28:50,664 p=6123 u=kmarquis |  fatal: [192.168.1.151]: FAILED! => {"changed": false, "msg": "junos-eznc is required but does not appear to be installed. It can be installed using `pip  install junos-eznc`"}
2018-01-20 10:28:50,666 p=6123 u=kmarquis |  	to retry, use: --limit @/Users/kmarquis/Desktop/projects/playbooks/Juniper/Software_Upgrade/junos_upgrade_playbook.retry

2018-01-20 10:28:50,667 p=6123 u=kmarquis |  PLAY RECAP ************************************************************************************************************************************************************************
2018-01-20 10:28:50,667 p=6123 u=kmarquis |  192.168.1.151              : ok=3    changed=0    unreachable=0    failed=1   
2018-01-20 10:29:19,209 p=6147 u=kmarquis |  persistent connection idle timeout triggered, timeout value is 30 secs
2018-01-20 10:29:19,209 p=6147 u=kmarquis |  shutdown persistent connection requested
2018-01-20 10:29:19,209 p=6147 u=kmarquis |  closing local listener
2018-01-20 10:29:19,210 p=6147 u=kmarquis |  closing the connection
2018-01-20 10:29:19,210 p=6147 u=kmarquis |  closing ssh connection to device
2018-01-20 10:29:19,210 p=6147 u=kmarquis |  firing event: on_close_shell()
2018-01-20 10:29:19,210 paramiko.transport [chan 0] EOF sent (0)
2018-01-20 10:29:19,210 p=6147 u=kmarquis |  cli session is now closed
2018-01-20 10:29:19,244 paramiko.transport EOF in transport thread
2018-01-20 10:29:19,278 p=6147 u=kmarquis |  ssh connection has been closed successfully
2018-01-20 10:29:19,278 p=6147 u=kmarquis |  removing the local control socket
2018-01-20 10:29:19,292 p=6147 u=kmarquis |  shutdown complete
2018-01-20 10:29:19,292 p=6147 u=kmarquis |  shutdown persistent connection requested
2018-01-20 10:29:19,292 p=6147 u=kmarquis |  persistent connection is not active
2018-01-20 10:29:19,293 p=6147 u=kmarquis |  shutdown local socket, connection was active for 0:00:38.298982 secs
